<?xml version="1.0" encoding="UTF-8"?>
<!-- Generated by org.testng.reporters.JUnitXMLReporter -->
<testsuite ignored="0" hostname="Sowmya" failures="1" tests="6" name="Surefire test" time="50.139" errors="0" timestamp="2024-09-19T13:43:51 PDT">
  <testcase classname="automation.tests.ErrorValidationsTest" name="LoginErrorValidation" time="1.208">
    <skipped/>
  </testcase> <!-- LoginErrorValidation -->
  <testcase classname="automation.tests.ErrorValidationsTest" name="LoginErrorValidation" time="0.732">
    <failure type="java.lang.AssertionError" message="expected [Incorrect email or password.] but found [Incorrect email password.]">
      <![CDATA[java.lang.AssertionError: expected [Incorrect email or password.] but found [Incorrect email password.]
at automation.tests.ErrorValidationsTest.LoginErrorValidation(ErrorValidationsTest.java:34)
at java.base/java.util.ArrayList.forEach(ArrayList.java:1596)
... Removed 36 stack frames]]>
    </failure>
  </testcase> <!-- LoginErrorValidation -->
  <testcase classname="automation.tests.ErrorValidationsTest" name="ProductErrorValidation" time="2.954"/>
  <testcase classname="automation.tests.SubmitOrderTest" name="submitOrder" time="4.062"/>
  <testcase classname="automation.tests.SubmitOrderTest" name="submitOrder" time="4.057"/>
  <testcase classname="io.cucumber.testng.AbstractTestNGCucumberTests" name="runScenario" time="9.255"/>
</testsuite> <!-- Surefire test -->
