<?xml version="1.0" encoding="UTF-8"?>
<!-- Generated by org.testng.reporters.JUnitXMLReporter -->
<testsuite ignored="0" hostname="Sowmya" failures="1" tests="3" name="Error Validations Test" time="25.388" errors="0" timestamp="2024-03-05T17:51:53 PST">
  <testcase classname="automation.tests.ErrorValidationsTest" name="LoginErrorValidation" time="0.97">
    <skipped/>
  </testcase> <!-- LoginErrorValidation -->
  <testcase classname="automation.tests.ErrorValidationsTest" name="LoginErrorValidation" time="0.781">
    <failure type="java.lang.AssertionError" message="expected [Incorrect email or password.] but found [Incorrect email password.]">
      <![CDATA[java.lang.AssertionError: expected [Incorrect email or password.] but found [Incorrect email password.]
at automation.tests.ErrorValidationsTest.LoginErrorValidation(ErrorValidationsTest.java:34)
at java.base/java.util.ArrayList.forEach(ArrayList.java:1511)
at java.base/java.util.concurrent.FutureTask.run(FutureTask.java:264)
at java.base/java.util.concurrent.ThreadPoolExecutor.runWorker(ThreadPoolExecutor.java:1136)
at java.base/java.util.concurrent.ThreadPoolExecutor$Worker.run(ThreadPoolExecutor.java:635)
at java.base/java.lang.Thread.run(Thread.java:833)
... Removed 23 stack frames]]>
    </failure>
  </testcase> <!-- LoginErrorValidation -->
  <testcase classname="automation.tests.ErrorValidationsTest" name="ProductErrorValidation" time="3.207"/>
</testsuite> <!-- Error Validations Test -->
